<?xml version="1.0" encoding="UTF-8"?>
<!-- Generated by org.testng.reporters.JUnitXMLReporter -->
<testsuite ignored="0" hostname="DESKTOP-IVPDQQL" failures="1" tests="3" name="ChromeTest" time="102.089" errors="0" timestamp="2024-02-29T11:51:53 IST">
  <testcase classname="com.testcases.TC_001_ContentValidation" name="loginpageTest" time="7.899"/>
  <testcase classname="com.testcases.TC_001_ContentValidation" name="clickOnContentMangementTest" time="24.353"/>
  <testcase classname="com.testcases.TC_001_ContentValidation" name="addContentTest" time="49.925">
    <failure type="java.lang.AssertionError" message="content not created expected [My 1st Content] but found [Claudia Alves]">
      <![CDATA[java.lang.AssertionError: content not created expected [My 1st Content] but found [Claudia Alves]
at com.pageobjects.AddContent.validateContentlist(AddContent.java:197)
at com.testcases.TC_001_ContentValidation.addContentTest(TC_001_ContentValidation.java:67)
at java.base/java.util.ArrayList.forEach(ArrayList.java:1511)
... Removed 32 stack frames]]>
    </failure>
  </testcase> <!-- addContentTest -->
</testsuite> <!-- ChromeTest -->
