<?xml version="1.0" encoding="UTF-8"?>
<!-- Generated by org.testng.reporters.JUnitXMLReporter -->
<testsuite ignored="0" hostname="DESKTOP-IVPDQQL" failures="0" tests="4" name="Test" time="130.424" errors="0" timestamp="2024-03-03T12:30:03 IST">
  <testcase classname="com.testcases.TC_002_ValidateOtp" name="validateOtp" time="20.437"/>
  <testcase classname="com.testcases.TC_001_ContentValidation" name="loginpageTest" time="8.131"/>
  <testcase classname="com.testcases.TC_001_ContentValidation" name="clickOnContentMangementTest" time="21.177"/>
  <testcase classname="com.testcases.TC_001_ContentValidation" name="addContentTest" time="50.551"/>
</testsuite> <!-- Test -->
