<?xml version="1.0" encoding="UTF-8"?>
<!-- Generated by org.testng.reporters.JUnitXMLReporter -->
<testsuite ignored="0" hostname="DESKTOP-IVPDQQL" failures="0" tests="3" name="Test" time="101.635" errors="0" timestamp="2024-02-29T13:49:33 IST">
  <testcase classname="com.testcases.TC_001_ContentValidation" name="loginpageTest" time="7.675"/>
  <testcase classname="com.testcases.TC_001_ContentValidation" name="clickOnContentMangementTest" time="23.844"/>
  <testcase classname="com.testcases.TC_001_ContentValidation" name="addContentTest" time="53.728"/>
</testsuite> <!-- Test -->
